INFO: kgen.py:19 - Pre-processing is done
INFO: kgen_state.py:148 - Reading /glade/p/work/amogh/kgen_dev/git_kgen/KGen/example/simple/src/update_mod.F90
INFO: kgen.py:22 - Call-site location is found
INFO: kgen_search.py:139 - calc is saved as unknown at (11, 11) in /glade/p/work/amogh/kgen_dev/git_kgen/KGen/example/simple/src/update_mod.F90
INFO: base_classes.py:870 - calc is being resolved at (11, 11) in /glade/p/work/amogh/kgen_dev/git_kgen/KGen/example/simple/src/update_mod.F90
INFO: base_classes.py:902 - calc is not resolved locally and the request is being defered to parent at (11, 11) in /glade/p/work/amogh/kgen_dev/git_kgen/KGen/example/simple/src/update_mod.F90
INFO: base_classes.py:973 - calc is being resolved at (10, 10) in /glade/p/work/amogh/kgen_dev/git_kgen/KGen/example/simple/src/update_mod.F90
INFO: base_classes.py:870 - calc is being resolved at (10, 10) in /glade/p/work/amogh/kgen_dev/git_kgen/KGen/example/simple/src/update_mod.F90
INFO: base_classes.py:902 - calc is not resolved locally and the request is being defered to parent at (10, 10) in /glade/p/work/amogh/kgen_dev/git_kgen/KGen/example/simple/src/update_mod.F90
INFO: base_classes.py:973 - calc is being resolved at (9, 9) in /glade/p/work/amogh/kgen_dev/git_kgen/KGen/example/simple/src/update_mod.F90
INFO: base_classes.py:870 - calc is being resolved at (9, 9) in /glade/p/work/amogh/kgen_dev/git_kgen/KGen/example/simple/src/update_mod.F90
INFO: base_classes.py:902 - calc is not resolved locally and the request is being defered to parent at (9, 9) in /glade/p/work/amogh/kgen_dev/git_kgen/KGen/example/simple/src/update_mod.F90
INFO: base_classes.py:973 - calc is being resolved at (6, 6) in /glade/p/work/amogh/kgen_dev/git_kgen/KGen/example/simple/src/update_mod.F90
INFO: base_classes.py:1086 - calc is not resolved on this block at (6, 6) in /glade/p/work/amogh/kgen_dev/git_kgen/KGen/example/simple/src/update_mod.F90
INFO: base_classes.py:870 - calc is being resolved at (6, 6) in /glade/p/work/amogh/kgen_dev/git_kgen/KGen/example/simple/src/update_mod.F90
INFO: base_classes.py:902 - calc is not resolved locally and the request is being defered to parent at (6, 6) in /glade/p/work/amogh/kgen_dev/git_kgen/KGen/example/simple/src/update_mod.F90
INFO: base_classes.py:973 - calc is being resolved at (2, 2) in /glade/p/work/amogh/kgen_dev/git_kgen/KGen/example/simple/src/update_mod.F90
INFO: base_classes.py:1086 - calc is not resolved on this block at (2, 2) in /glade/p/work/amogh/kgen_dev/git_kgen/KGen/example/simple/src/update_mod.F90
INFO: base_classes.py:1088 - The request is being deferred to use stmt at (2, 2) in /glade/p/work/amogh/kgen_dev/git_kgen/KGen/example/simple/src/update_mod.F90
INFO: base_classes.py:1096 - calc is found in norenames at (2, 2) in /glade/p/work/amogh/kgen_dev/git_kgen/KGen/example/simple/src/update_mod.F90
INFO: kgen_state.py:148 - Reading /glade/p/work/amogh/kgen_dev/git_kgen/KGen/example/simple/src/calc_mod.F90
INFO: statements.py:1095 - 	in the search of "calc" directly from update_mod.F90 and originally from update_mod.F90
INFO: base_classes.py:973 - calc is being resolved at (2, 2) in /glade/p/work/amogh/kgen_dev/git_kgen/KGen/example/simple/src/calc_mod.F90
INFO: base_classes.py:995 - The request is being resolved by a subprogram or interface at (2, 2) in /glade/p/work/amogh/kgen_dev/git_kgen/KGen/example/simple/src/calc_mod.F90
INFO: base_classes.py:1001 - calc is resolved at (5, 5) in /glade/p/work/amogh/kgen_dev/git_kgen/KGen/example/simple/src/calc_mod.F90
INFO: kgen_search.py:139 - i is saved as unknown at (5, 5) in /glade/p/work/amogh/kgen_dev/git_kgen/KGen/example/simple/src/calc_mod.F90
INFO: kgen_search.py:139 - j is saved as unknown at (5, 5) in /glade/p/work/amogh/kgen_dev/git_kgen/KGen/example/simple/src/calc_mod.F90
INFO: kgen_search.py:139 - output is saved as unknown at (5, 5) in /glade/p/work/amogh/kgen_dev/git_kgen/KGen/example/simple/src/calc_mod.F90
INFO: base_classes.py:973 - i is being resolved at (5, 5) in /glade/p/work/amogh/kgen_dev/git_kgen/KGen/example/simple/src/calc_mod.F90
INFO: base_classes.py:1041 - The request is being resolved by a variable at (5, 5) in /glade/p/work/amogh/kgen_dev/git_kgen/KGen/example/simple/src/calc_mod.F90
INFO: base_classes.py:1046 - i is resolved at (6, 6) in /glade/p/work/amogh/kgen_dev/git_kgen/KGen/example/simple/src/calc_mod.F90
INFO: base_classes.py:973 - j is being resolved at (5, 5) in /glade/p/work/amogh/kgen_dev/git_kgen/KGen/example/simple/src/calc_mod.F90
INFO: base_classes.py:1041 - The request is being resolved by a variable at (5, 5) in /glade/p/work/amogh/kgen_dev/git_kgen/KGen/example/simple/src/calc_mod.F90
INFO: base_classes.py:1046 - j is resolved at (6, 6) in /glade/p/work/amogh/kgen_dev/git_kgen/KGen/example/simple/src/calc_mod.F90
INFO: base_classes.py:973 - output is being resolved at (5, 5) in /glade/p/work/amogh/kgen_dev/git_kgen/KGen/example/simple/src/calc_mod.F90
INFO: base_classes.py:1041 - The request is being resolved by a variable at (5, 5) in /glade/p/work/amogh/kgen_dev/git_kgen/KGen/example/simple/src/calc_mod.F90
INFO: base_classes.py:1046 - output is resolved at (7, 7) in /glade/p/work/amogh/kgen_dev/git_kgen/KGen/example/simple/src/calc_mod.F90
INFO: kgen_search.py:139 - output is saved as unknown at (8, 8) in /glade/p/work/amogh/kgen_dev/git_kgen/KGen/example/simple/src/calc_mod.F90
INFO: kgen_search.py:139 - i is saved as unknown at (8, 8) in /glade/p/work/amogh/kgen_dev/git_kgen/KGen/example/simple/src/calc_mod.F90
INFO: kgen_search.py:139 - j is saved as unknown at (8, 8) in /glade/p/work/amogh/kgen_dev/git_kgen/KGen/example/simple/src/calc_mod.F90
INFO: kgen_search.py:139 - i is saved as unknown at (8, 8) in /glade/p/work/amogh/kgen_dev/git_kgen/KGen/example/simple/src/calc_mod.F90
INFO: kgen_search.py:139 - j is saved as unknown at (8, 8) in /glade/p/work/amogh/kgen_dev/git_kgen/KGen/example/simple/src/calc_mod.F90
INFO: base_classes.py:870 - output is being resolved at (8, 8) in /glade/p/work/amogh/kgen_dev/git_kgen/KGen/example/simple/src/calc_mod.F90
INFO: base_classes.py:902 - output is not resolved locally and the request is being defered to parent at (8, 8) in /glade/p/work/amogh/kgen_dev/git_kgen/KGen/example/simple/src/calc_mod.F90
INFO: base_classes.py:973 - output is being resolved at (5, 5) in /glade/p/work/amogh/kgen_dev/git_kgen/KGen/example/simple/src/calc_mod.F90
INFO: base_classes.py:1041 - The request is being resolved by a variable at (5, 5) in /glade/p/work/amogh/kgen_dev/git_kgen/KGen/example/simple/src/calc_mod.F90
INFO: base_classes.py:1046 - output is resolved at (7, 7) in /glade/p/work/amogh/kgen_dev/git_kgen/KGen/example/simple/src/calc_mod.F90
INFO: base_classes.py:922 - output is resolved
INFO: base_classes.py:870 - i is being resolved at (8, 8) in /glade/p/work/amogh/kgen_dev/git_kgen/KGen/example/simple/src/calc_mod.F90
INFO: base_classes.py:902 - i is not resolved locally and the request is being defered to parent at (8, 8) in /glade/p/work/amogh/kgen_dev/git_kgen/KGen/example/simple/src/calc_mod.F90
INFO: base_classes.py:973 - i is being resolved at (5, 5) in /glade/p/work/amogh/kgen_dev/git_kgen/KGen/example/simple/src/calc_mod.F90
INFO: base_classes.py:1041 - The request is being resolved by a variable at (5, 5) in /glade/p/work/amogh/kgen_dev/git_kgen/KGen/example/simple/src/calc_mod.F90
INFO: base_classes.py:1046 - i is resolved at (6, 6) in /glade/p/work/amogh/kgen_dev/git_kgen/KGen/example/simple/src/calc_mod.F90
INFO: base_classes.py:922 - i is resolved
INFO: base_classes.py:870 - j is being resolved at (8, 8) in /glade/p/work/amogh/kgen_dev/git_kgen/KGen/example/simple/src/calc_mod.F90
INFO: base_classes.py:902 - j is not resolved locally and the request is being defered to parent at (8, 8) in /glade/p/work/amogh/kgen_dev/git_kgen/KGen/example/simple/src/calc_mod.F90
INFO: base_classes.py:973 - j is being resolved at (5, 5) in /glade/p/work/amogh/kgen_dev/git_kgen/KGen/example/simple/src/calc_mod.F90
INFO: base_classes.py:1041 - The request is being resolved by a variable at (5, 5) in /glade/p/work/amogh/kgen_dev/git_kgen/KGen/example/simple/src/calc_mod.F90
INFO: base_classes.py:1046 - j is resolved at (6, 6) in /glade/p/work/amogh/kgen_dev/git_kgen/KGen/example/simple/src/calc_mod.F90
INFO: base_classes.py:922 - j is resolved
INFO: base_classes.py:870 - j is being resolved at (8, 8) in /glade/p/work/amogh/kgen_dev/git_kgen/KGen/example/simple/src/calc_mod.F90
INFO: base_classes.py:902 - j is not resolved locally and the request is being defered to parent at (8, 8) in /glade/p/work/amogh/kgen_dev/git_kgen/KGen/example/simple/src/calc_mod.F90
INFO: base_classes.py:973 - j is being resolved at (5, 5) in /glade/p/work/amogh/kgen_dev/git_kgen/KGen/example/simple/src/calc_mod.F90
INFO: base_classes.py:1041 - The request is being resolved by a variable at (5, 5) in /glade/p/work/amogh/kgen_dev/git_kgen/KGen/example/simple/src/calc_mod.F90
INFO: base_classes.py:1046 - j is resolved at (6, 6) in /glade/p/work/amogh/kgen_dev/git_kgen/KGen/example/simple/src/calc_mod.F90
INFO: base_classes.py:922 - j is resolved
INFO: base_classes.py:870 - i is being resolved at (8, 8) in /glade/p/work/amogh/kgen_dev/git_kgen/KGen/example/simple/src/calc_mod.F90
INFO: base_classes.py:902 - i is not resolved locally and the request is being defered to parent at (8, 8) in /glade/p/work/amogh/kgen_dev/git_kgen/KGen/example/simple/src/calc_mod.F90
INFO: base_classes.py:973 - i is being resolved at (5, 5) in /glade/p/work/amogh/kgen_dev/git_kgen/KGen/example/simple/src/calc_mod.F90
INFO: base_classes.py:1041 - The request is being resolved by a variable at (5, 5) in /glade/p/work/amogh/kgen_dev/git_kgen/KGen/example/simple/src/calc_mod.F90
INFO: base_classes.py:1046 - i is resolved at (6, 6) in /glade/p/work/amogh/kgen_dev/git_kgen/KGen/example/simple/src/calc_mod.F90
INFO: base_classes.py:922 - i is resolved
INFO: base_classes.py:1099 - calc is resolved in norenames at (2, 2) in /glade/p/work/amogh/kgen_dev/git_kgen/KGen/example/simple/src/update_mod.F90
INFO: base_classes.py:922 - calc is resolved
INFO: base_classes.py:922 - calc is resolved
INFO: base_classes.py:922 - calc is resolved
INFO: base_classes.py:922 - calc is resolved
INFO: kgen_search.py:139 - i is saved as unknown at (11, 11) in /glade/p/work/amogh/kgen_dev/git_kgen/KGen/example/simple/src/update_mod.F90
INFO: kgen_search.py:139 - j is saved as unknown at (11, 11) in /glade/p/work/amogh/kgen_dev/git_kgen/KGen/example/simple/src/update_mod.F90
INFO: kgen_search.py:139 - output is saved as unknown at (11, 11) in /glade/p/work/amogh/kgen_dev/git_kgen/KGen/example/simple/src/update_mod.F90
INFO: base_classes.py:870 - i is being resolved at (11, 11) in /glade/p/work/amogh/kgen_dev/git_kgen/KGen/example/simple/src/update_mod.F90
INFO: base_classes.py:902 - i is not resolved locally and the request is being defered to parent at (11, 11) in /glade/p/work/amogh/kgen_dev/git_kgen/KGen/example/simple/src/update_mod.F90
INFO: base_classes.py:973 - i is being resolved at (10, 10) in /glade/p/work/amogh/kgen_dev/git_kgen/KGen/example/simple/src/update_mod.F90
INFO: base_classes.py:870 - i is being resolved at (10, 10) in /glade/p/work/amogh/kgen_dev/git_kgen/KGen/example/simple/src/update_mod.F90
INFO: base_classes.py:902 - i is not resolved locally and the request is being defered to parent at (10, 10) in /glade/p/work/amogh/kgen_dev/git_kgen/KGen/example/simple/src/update_mod.F90
INFO: base_classes.py:973 - i is being resolved at (9, 9) in /glade/p/work/amogh/kgen_dev/git_kgen/KGen/example/simple/src/update_mod.F90
INFO: base_classes.py:870 - i is being resolved at (9, 9) in /glade/p/work/amogh/kgen_dev/git_kgen/KGen/example/simple/src/update_mod.F90
INFO: base_classes.py:902 - i is not resolved locally and the request is being defered to parent at (9, 9) in /glade/p/work/amogh/kgen_dev/git_kgen/KGen/example/simple/src/update_mod.F90
INFO: base_classes.py:973 - i is being resolved at (6, 6) in /glade/p/work/amogh/kgen_dev/git_kgen/KGen/example/simple/src/update_mod.F90
INFO: base_classes.py:1041 - The request is being resolved by a variable at (6, 6) in /glade/p/work/amogh/kgen_dev/git_kgen/KGen/example/simple/src/update_mod.F90
INFO: base_classes.py:1046 - i is resolved at (7, 7) in /glade/p/work/amogh/kgen_dev/git_kgen/KGen/example/simple/src/update_mod.F90
INFO: base_classes.py:922 - i is resolved
INFO: base_classes.py:922 - i is resolved
INFO: base_classes.py:922 - i is resolved
INFO: base_classes.py:870 - output is being resolved at (11, 11) in /glade/p/work/amogh/kgen_dev/git_kgen/KGen/example/simple/src/update_mod.F90
INFO: base_classes.py:902 - output is not resolved locally and the request is being defered to parent at (11, 11) in /glade/p/work/amogh/kgen_dev/git_kgen/KGen/example/simple/src/update_mod.F90
INFO: base_classes.py:973 - output is being resolved at (10, 10) in /glade/p/work/amogh/kgen_dev/git_kgen/KGen/example/simple/src/update_mod.F90
INFO: base_classes.py:870 - output is being resolved at (10, 10) in /glade/p/work/amogh/kgen_dev/git_kgen/KGen/example/simple/src/update_mod.F90
INFO: base_classes.py:902 - output is not resolved locally and the request is being defered to parent at (10, 10) in /glade/p/work/amogh/kgen_dev/git_kgen/KGen/example/simple/src/update_mod.F90
INFO: base_classes.py:973 - output is being resolved at (9, 9) in /glade/p/work/amogh/kgen_dev/git_kgen/KGen/example/simple/src/update_mod.F90
INFO: base_classes.py:870 - output is being resolved at (9, 9) in /glade/p/work/amogh/kgen_dev/git_kgen/KGen/example/simple/src/update_mod.F90
INFO: base_classes.py:902 - output is not resolved locally and the request is being defered to parent at (9, 9) in /glade/p/work/amogh/kgen_dev/git_kgen/KGen/example/simple/src/update_mod.F90
INFO: base_classes.py:973 - output is being resolved at (6, 6) in /glade/p/work/amogh/kgen_dev/git_kgen/KGen/example/simple/src/update_mod.F90
INFO: base_classes.py:1041 - The request is being resolved by a variable at (6, 6) in /glade/p/work/amogh/kgen_dev/git_kgen/KGen/example/simple/src/update_mod.F90
INFO: base_classes.py:1046 - output is resolved at (8, 8) in /glade/p/work/amogh/kgen_dev/git_kgen/KGen/example/simple/src/update_mod.F90
INFO: base_classes.py:922 - output is resolved
INFO: base_classes.py:922 - output is resolved
INFO: base_classes.py:922 - output is resolved
INFO: base_classes.py:870 - j is being resolved at (11, 11) in /glade/p/work/amogh/kgen_dev/git_kgen/KGen/example/simple/src/update_mod.F90
INFO: base_classes.py:902 - j is not resolved locally and the request is being defered to parent at (11, 11) in /glade/p/work/amogh/kgen_dev/git_kgen/KGen/example/simple/src/update_mod.F90
INFO: base_classes.py:973 - j is being resolved at (10, 10) in /glade/p/work/amogh/kgen_dev/git_kgen/KGen/example/simple/src/update_mod.F90
INFO: base_classes.py:870 - j is being resolved at (10, 10) in /glade/p/work/amogh/kgen_dev/git_kgen/KGen/example/simple/src/update_mod.F90
INFO: base_classes.py:902 - j is not resolved locally and the request is being defered to parent at (10, 10) in /glade/p/work/amogh/kgen_dev/git_kgen/KGen/example/simple/src/update_mod.F90
INFO: base_classes.py:973 - j is being resolved at (9, 9) in /glade/p/work/amogh/kgen_dev/git_kgen/KGen/example/simple/src/update_mod.F90
INFO: base_classes.py:870 - j is being resolved at (9, 9) in /glade/p/work/amogh/kgen_dev/git_kgen/KGen/example/simple/src/update_mod.F90
INFO: base_classes.py:902 - j is not resolved locally and the request is being defered to parent at (9, 9) in /glade/p/work/amogh/kgen_dev/git_kgen/KGen/example/simple/src/update_mod.F90
INFO: base_classes.py:973 - j is being resolved at (6, 6) in /glade/p/work/amogh/kgen_dev/git_kgen/KGen/example/simple/src/update_mod.F90
INFO: base_classes.py:1041 - The request is being resolved by a variable at (6, 6) in /glade/p/work/amogh/kgen_dev/git_kgen/KGen/example/simple/src/update_mod.F90
INFO: base_classes.py:1046 - j is resolved at (7, 7) in /glade/p/work/amogh/kgen_dev/git_kgen/KGen/example/simple/src/update_mod.F90
INFO: base_classes.py:922 - j is resolved
INFO: base_classes.py:922 - j is resolved
INFO: base_classes.py:922 - j is resolved
INFO: kgen.py:25 - Kernel information is collected
INFO: kgen.py:28 - Kernel generation information is marked
INFO: kgen.py:31 - Instrumented files are generated
INFO: kgen.py:34 - Kernel files are generated
INFO: kgen.py:37 - Makefiles are generated
INFO: kgen.py:40 - Post-processing is done
INFO: kgen.py:42 - Completed.
